

peter@linux-09qt:~/Dev/demo/Demo/Demo> gradle DemoApp:npmInstall --info
...
Compiling build file '/home/peter/Dev/demo/Demo/DemoApp/build.gradle' using StatementExtractingScriptTransformer.
Resource missing. [HTTP GET: https://repo1.maven.org/maven2/com/moowork/gradle/gradle-node-plugin/0.10/gradle-node-plugin-0.10.pom]
Resource missing. [HTTP HEAD: https://repo1.maven.org/maven2/com/moowork/gradle/gradle-node-plugin/0.10/gradle-node-plugin-0.10.jar]
Resource missing. [HTTP GET: http://repository.codehaus.org/com/moowork/gradle/gradle-node-plugin/0.10/gradle-node-plugin-0.10.pom]
Resource missing. [HTTP HEAD: http://repository.codehaus.org/com/moowork/gradle/gradle-node-plugin/0.10/gradle-node-plugin-0.10.jar]
Download http://plugins.gradle.org/m2/com/moowork/gradle/gradle-node-plugin/0.10/gradle-node-plugin-0.10.pom
Download http://plugins.gradle.org/m2/com/moowork/gradle/gradle-node-plugin/0.10/gradle-node-plugin-0.10.jar
Compiling build file '/home/peter/Dev/demo/Demo/DemoApp/build.gradle' using BuildScriptTransformer.
Evaluating project ':DemoServices' using build file '/home/peter/Dev/demo/Demo/DemoServices/build.gradle'.
Evaluating project ':DemoServicesApi' using build file '/home/peter/Dev/demo/Demo/DemoServicesApi/build.gradle'.
Evaluating project ':TestingFramework' using build file '/home/peter/Dev/demo/Demo/TestingFramework/build.gradle'.
All projects evaluated.
Selected primary task 'DemoApp:npmInstall' from project :DemoApp
Resource missing. [HTTP GET: https://repo1.maven.org/maven2/org/nodejs/node/0.11.10/node-0.11.10.pom]
Resource missing. [HTTP HEAD: https://repo1.maven.org/maven2/org/nodejs/node/0.11.10/node-0.11.10-linux-x86.tar.gz]
Resource missing. [HTTP GET: https://jcenter.bintray.com/org/nodejs/node/0.11.10/node-0.11.10.pom]
Resource missing. [HTTP HEAD: https://jcenter.bintray.com/org/nodejs/node/0.11.10/node-0.11.10-linux-x86.tar.gz]
Resource missing. [HTTP GET: http://nodejs.org/dist/v0.11.10/ivy.xml]
Download http://nodejs.org/dist/v0.11.10/node-v0.11.10-linux-x86.tar.gz
Tasks to be executed: [task ':DemoApp:nodeSetup', task ':DemoApp:npmSetup', task ':DemoApp:npmInstall']
:DemoApp:nodeSetup (Thread[Daemon worker Thread 3,5,main]) started.
:DemoApp:nodeSetup
Invalidating in-memory cache of /home/peter/Dev/demo/Demo/Demo/.gradle/2.3/taskArtifacts/taskArtifacts.bin
Invalidating in-memory cache of /home/peter/Dev/demo/Demo/Demo/.gradle/2.3/taskArtifacts/fileSnapshots.bin
Invalidating in-memory cache of /home/peter/Dev/demo/Demo/Demo/.gradle/2.3/taskArtifacts/fileHashes.bin
Invalidating in-memory cache of /home/peter/Dev/demo/Demo/Demo/.gradle/2.3/taskArtifacts/outputFileStates.bin
Executing task ':DemoApp:nodeSetup' (up-to-date check took 0.25 secs) due to:
  No history is available.
:DemoApp:nodeSetup (Thread[Daemon worker Thread 3,5,main]) completed. Took 4.357 secs.
:DemoApp:npmSetup (Thread[Daemon worker Thread 3,5,main]) started.
:DemoApp:npmSetup
Skipping task ':DemoApp:npmSetup' as task onlyIf is false.
:DemoApp:npmSetup SKIPPED
:DemoApp:npmSetup (Thread[Daemon worker Thread 3,5,main]) completed. Took 0.004 secs.
:DemoApp:npmInstall (Thread[Daemon worker Thread 3,5,main]) started.
:DemoApp:npmInstall
Executing task ':DemoApp:npmInstall' (up-to-date check took 0.003 secs) due to:
  No history is available.
Starting process 'command '/home/peter/.gradle/nodejs/node-v0.11.10-linux-x86/bin/node''. Working directory: /home/peter/Dev/demo/Demo/DemoApp/build/DemoApp_nodeJs Command: /home/peter/.gradle/nodejs/node-v0.11.10-linux-x86/bin/node /home/peter/.gradle/nodejs/node-v0.11.10-linux-x86/lib/node_modules/npm/bin/npm-cli.js install
:DemoApp:npmInstall FAILED
:DemoApp:npmInstall (Thread[Daemon worker Thread 3,5,main]) completed. Took 0.252 secs.

FAILURE: Build failed with an exception.

* What went wrong:
Execution failed for task ':DemoApp:npmInstall'.
> A problem occurred starting process 'command '/home/peter/.gradle/nodejs/node-v0.11.10-linux-x86/bin/node''

* Try:
Run with --stacktrace option to get the stack trace. Run with --debug option to get more log output.

BUILD FAILED

Total time: 1 mins 55.651 secs
Stopped 0 compiler daemon(s).
Received result DaemonCommandResult[type=CommandFailure, value=org.gradle.launcher.exec.ReportedException: org.gradle.internal.exceptions.LocationAwareException: Execution failed for task ':DemoApp:npmInstall'.] from daemon DaemonInfo{pid=7115, address=[5409f25a-209a-436e-afe2-ad684252cbb2 port:37286, addresses:[/0:0:0:0:0:0:0:1%lo, /127.0.0.1]], idle=true, context=DefaultDaemonContext[uid=ab00ab8c-c0cc-43c5-b508-be9f869ec387,javaHome=/usr/java/jdk1.8.0_40,daemonRegistryDir=/home/peter/.gradle/daemon,pid=7115,idleTimeout=10800000,daemonOpts=-XX:MaxPermSize=256m,-XX:+HeapDumpOnOutOfMemoryError,-Xmx1024m,-Dfile.encoding=UTF-8,-Duser.country=GB,-Duser.language=en,-Duser.variant]}.
peter@linux-09qt:~/Dev/demo/Demo/Demo> 


> mkdir /home/peter/Dev/demo/Demo/DemoApp/build/DemoApp_nodeJs

> cp /home/peter/Dev/demo/Demo/DemoApp/package.json /home/peter/Dev/demo/Demo/DemoApp/build/DemoApp_nodeJs

> ls /home/peter/.gradle/nodejs/node-v0.11.10-linux-x86/lib/node_modules/mocha-test-runner/node_modules/mocha/

> export PATH=$PATH:/home/peter/Dev/demo/Demo/DemoApp/build/DemoApp_nodejsWork/node-v0.11.10-linux-x86/bin

peter@linux-09qt:~/Dev/demo/Demo/Demo> ./../DemoApp/node_modules/.bin/mocha  ../DemoApp/src/intTest/javascript/myTest.js
myTest ----------------- Hello World ----------------------
testCase =  function (title, fn){
      var suite = Suite.create(suites[0], title);
      suite.file = file;
      suites.unshift(suite);
      fn.call(suite);
      suites.shift();
      return suite;
    }


  Array
    #indexOf()
      âœ“ should return -1 when not present


  1 passing (57ms)




> XUNIT_FILE=xunit.xml ./../DemoApp/node_modules/.bin/mocha  ../DemoApp/src/intTest/javascript/myTest.js --reporter xunit-file 


> LOG_XUNIT=true ./../DemoApp/node_modules/.bin/mocha  ../DemoApp/src/intTest/javascript/myTest.js --reporter xunit-file
